  main.cpp
c:\users\alonz\documents\github\halomhohgokaa\halomhohgokaa\halomhohgokaa\external\include\headers\abstractmodel.h(264): warning C4251: 'AbstractModel::position': struct 'glm::vec<3,float,0>' necesita tener una interfaz DLL para que la utilicen los clientes de class 'AbstractModel'
  c:\users\alonz\documents\github\halomhohgokaa\halomhohgokaa\halomhohgokaa\external\glm\glm\fwd.hpp(418): note: vea la declaración de 'glm::vec<3,float,0>'
c:\users\alonz\documents\github\halomhohgokaa\halomhohgokaa\halomhohgokaa\external\include\headers\abstractmodel.h(265): warning C4251: 'AbstractModel::scale': struct 'glm::vec<3,float,0>' necesita tener una interfaz DLL para que la utilicen los clientes de class 'AbstractModel'
  c:\users\alonz\documents\github\halomhohgokaa\halomhohgokaa\halomhohgokaa\external\glm\glm\fwd.hpp(418): note: vea la declaración de 'glm::vec<3,float,0>'
c:\users\alonz\documents\github\halomhohgokaa\halomhohgokaa\halomhohgokaa\external\include\headers\abstractmodel.h(266): warning C4251: 'AbstractModel::color': struct 'glm::vec<4,float,0>' necesita tener una interfaz DLL para que la utilicen los clientes de class 'AbstractModel'
  c:\users\alonz\documents\github\halomhohgokaa\halomhohgokaa\halomhohgokaa\external\glm\glm\fwd.hpp(419): note: vea la declaración de 'glm::vec<4,float,0>'
c:\users\alonz\documents\github\halomhohgokaa\halomhohgokaa\halomhohgokaa\external\include\headers\abstractmodel.h(267): warning C4251: 'AbstractModel::orientation': struct 'glm::vec<3,float,0>' necesita tener una interfaz DLL para que la utilicen los clientes de class 'AbstractModel'
  c:\users\alonz\documents\github\halomhohgokaa\halomhohgokaa\halomhohgokaa\external\glm\glm\fwd.hpp(418): note: vea la declaración de 'glm::vec<3,float,0>'
c:\users\alonz\documents\github\halomhohgokaa\halomhohgokaa\halomhohgokaa\external\include\headers\abstractmodel.h(269): warning C4251: 'AbstractModel::vertexArray': class 'std::vector<AbstractModel::Vertex,std::allocator<_Ty>>' necesita tener una interfaz DLL para que la utilicen los clientes de class 'AbstractModel'
          with
          [
              _Ty=AbstractModel::Vertex
          ]
  c:\users\alonz\documents\github\halomhohgokaa\halomhohgokaa\halomhohgokaa\external\include\headers\abstractmodel.h(245): note: vea la declaración de 'std::vector<AbstractModel::Vertex,std::allocator<_Ty>>'
          with
          [
              _Ty=AbstractModel::Vertex
          ]
c:\users\alonz\documents\github\halomhohgokaa\halomhohgokaa\halomhohgokaa\external\include\headers\abstractmodel.h(270): warning C4251: 'AbstractModel::index': class 'std::vector<GLuint,std::allocator<_Ty>>' necesita tener una interfaz DLL para que la utilicen los clientes de class 'AbstractModel'
          with
          [
              _Ty=GLuint
          ]
  c:\users\alonz\documents\github\halomhohgokaa\halomhohgokaa\halomhohgokaa\external\include\headers\abstractmodel.h(270): note: vea la declaración de 'std::vector<GLuint,std::allocator<_Ty>>'
          with
          [
              _Ty=GLuint
          ]
c:\users\alonz\documents\github\halomhohgokaa\halomhohgokaa\halomhohgokaa\external\include\headers\abstractmodel.h(271): warning C4251: 'AbstractModel::aabb': class 'AbstractModel::AABB' necesita tener una interfaz DLL para que la utilicen los clientes de class 'AbstractModel'
  c:\users\alonz\documents\github\halomhohgokaa\halomhohgokaa\halomhohgokaa\external\include\headers\abstractmodel.h(65): note: vea la declaración de 'AbstractModel::AABB'
c:\users\alonz\documents\github\halomhohgokaa\halomhohgokaa\halomhohgokaa\external\include\headers\abstractmodel.h(272): warning C4251: 'AbstractModel::sbb': class 'AbstractModel::SBB' necesita tener una interfaz DLL para que la utilicen los clientes de class 'AbstractModel'
  c:\users\alonz\documents\github\halomhohgokaa\halomhohgokaa\halomhohgokaa\external\include\headers\abstractmodel.h(51): note: vea la declaración de 'AbstractModel::SBB'
c:\users\alonz\documents\github\halomhohgokaa\halomhohgokaa\halomhohgokaa\external\include\headers\abstractmodel.h(273): warning C4251: 'AbstractModel::obb': class 'AbstractModel::OBB' necesita tener una interfaz DLL para que la utilicen los clientes de class 'AbstractModel'
  c:\users\alonz\documents\github\halomhohgokaa\halomhohgokaa\halomhohgokaa\external\include\headers\abstractmodel.h(94): note: vea la declaración de 'AbstractModel::OBB'
c:\users\alonz\documents\github\halomhohgokaa\halomhohgokaa\halomhohgokaa\external\include\headers\abstractmodel.h(75): warning C4244: '=': conversión de 'double' a 'T'; posible pérdida de datos
          with
          [
              T=float
          ]
c:\users\alonz\documents\github\halomhohgokaa\halomhohgokaa\halomhohgokaa\external\include\headers\abstractmodel.h(76): warning C4244: '=': conversión de 'double' a 'T'; posible pérdida de datos
          with
          [
              T=float
          ]
c:\users\alonz\documents\github\halomhohgokaa\halomhohgokaa\halomhohgokaa\external\include\headers\abstractmodel.h(77): warning C4244: '=': conversión de 'double' a 'T'; posible pérdida de datos
          with
          [
              T=float
          ]
c:\users\alonz\documents\github\halomhohgokaa\halomhohgokaa\halomhohgokaa\external\include\headers\abstractmodel.h(78): warning C4244: '=': conversión de 'double' a 'T'; posible pérdida de datos
          with
          [
              T=float
          ]
c:\users\alonz\documents\github\halomhohgokaa\halomhohgokaa\halomhohgokaa\external\include\headers\abstractmodel.h(79): warning C4244: '=': conversión de 'double' a 'T'; posible pérdida de datos
          with
          [
              T=float
          ]
c:\users\alonz\documents\github\halomhohgokaa\halomhohgokaa\halomhohgokaa\external\include\headers\abstractmodel.h(80): warning C4244: '=': conversión de 'double' a 'T'; posible pérdida de datos
          with
          [
              T=float
          ]
c:\users\alonz\documents\github\halomhohgokaa\halomhohgokaa\halomhohgokaa\external\include\headers\sphere.h(39): warning C4251: 'Sphere::sbb': class 'AbstractModel::SBB' necesita tener una interfaz DLL para que la utilicen los clientes de class 'Sphere'
  c:\users\alonz\documents\github\halomhohgokaa\halomhohgokaa\halomhohgokaa\external\include\headers\abstractmodel.h(51): note: vea la declaración de 'AbstractModel::SBB'
c:\users\alonz\documents\github\halomhohgokaa\halomhohgokaa\halomhohgokaa\external\include\headers\box.h(37): warning C4251: 'Box::aabb': class 'AbstractModel::AABB' necesita tener una interfaz DLL para que la utilicen los clientes de class 'Box'
  c:\users\alonz\documents\github\halomhohgokaa\halomhohgokaa\halomhohgokaa\external\include\headers\abstractmodel.h(65): note: vea la declaración de 'AbstractModel::AABB'
c:\users\alonz\documents\github\halomhohgokaa\halomhohgokaa\halomhohgokaa\external\include\headers\camera.h(111): warning C4251: 'Camera::position': struct 'glm::vec<3,float,0>' necesita tener una interfaz DLL para que la utilicen los clientes de class 'Camera'
  c:\users\alonz\documents\github\halomhohgokaa\halomhohgokaa\halomhohgokaa\external\glm\glm\fwd.hpp(418): note: vea la declaración de 'glm::vec<3,float,0>'
c:\users\alonz\documents\github\halomhohgokaa\halomhohgokaa\halomhohgokaa\external\include\headers\camera.h(112): warning C4251: 'Camera::front': struct 'glm::vec<3,float,0>' necesita tener una interfaz DLL para que la utilicen los clientes de class 'Camera'
  c:\users\alonz\documents\github\halomhohgokaa\halomhohgokaa\halomhohgokaa\external\glm\glm\fwd.hpp(418): note: vea la declaración de 'glm::vec<3,float,0>'
c:\users\alonz\documents\github\halomhohgokaa\halomhohgokaa\halomhohgokaa\external\include\headers\camera.h(113): warning C4251: 'Camera::up': struct 'glm::vec<3,float,0>' necesita tener una interfaz DLL para que la utilicen los clientes de class 'Camera'
  c:\users\alonz\documents\github\halomhohgokaa\halomhohgokaa\halomhohgokaa\external\glm\glm\fwd.hpp(418): note: vea la declaración de 'glm::vec<3,float,0>'
c:\users\alonz\documents\github\halomhohgokaa\halomhohgokaa\halomhohgokaa\external\include\headers\camera.h(114): warning C4251: 'Camera::right': struct 'glm::vec<3,float,0>' necesita tener una interfaz DLL para que la utilicen los clientes de class 'Camera'
  c:\users\alonz\documents\github\halomhohgokaa\halomhohgokaa\halomhohgokaa\external\glm\glm\fwd.hpp(418): note: vea la declaración de 'glm::vec<3,float,0>'
c:\users\alonz\documents\github\halomhohgokaa\halomhohgokaa\halomhohgokaa\external\include\headers\camera.h(115): warning C4251: 'Camera::worldUp': struct 'glm::vec<3,float,0>' necesita tener una interfaz DLL para que la utilicen los clientes de class 'Camera'
  c:\users\alonz\documents\github\halomhohgokaa\halomhohgokaa\halomhohgokaa\external\glm\glm\fwd.hpp(418): note: vea la declaración de 'glm::vec<3,float,0>'
c:\users\alonz\documents\github\halomhohgokaa\halomhohgokaa\halomhohgokaa\external\include\headers\camera.h(117): warning C4251: 'Camera::cameraTarget': struct 'glm::vec<3,float,0>' necesita tener una interfaz DLL para que la utilicen los clientes de class 'Camera'
  c:\users\alonz\documents\github\halomhohgokaa\halomhohgokaa\halomhohgokaa\external\glm\glm\fwd.hpp(418): note: vea la declaración de 'glm::vec<3,float,0>'
c:\users\alonz\documents\github\halomhohgokaa\halomhohgokaa\halomhohgokaa\external\include\headers\texture.h(66): warning C4251: 'Texture::m_fileName': class 'std::basic_string<char,std::char_traits<char>,std::allocator<char>>' necesita tener una interfaz DLL para que la utilicen los clientes de class 'Texture'
  c:\program files (x86)\microsoft visual studio\2017\community\vc\tools\msvc\14.16.27023\include\xstring(4373): note: vea la declaración de 'std::basic_string<char,std::char_traits<char>,std::allocator<char>>'
c:\users\alonz\documents\github\halomhohgokaa\halomhohgokaa\halomhohgokaa\external\include\headers\texture.h(69): warning C4251: 'Texture::type': class 'std::basic_string<char,std::char_traits<char>,std::allocator<char>>' necesita tener una interfaz DLL para que la utilicen los clientes de class 'Texture'
  c:\program files (x86)\microsoft visual studio\2017\community\vc\tools\msvc\14.16.27023\include\xstring(4373): note: vea la declaración de 'std::basic_string<char,std::char_traits<char>,std::allocator<char>>'
c:\users\alonz\documents\github\halomhohgokaa\halomhohgokaa\halomhohgokaa\external\include\headers\bones.h(111): warning C4251: 'Bones::m_BoneMapping': class 'std::map<std::string,unsigned int,std::less<_Kty>,std::allocator<std::pair<const _Kty,_Ty>>>' necesita tener una interfaz DLL para que la utilicen los clientes de class 'Bones'
          with
          [
              _Kty=std::string,
              _Ty=unsigned int
          ]
  c:\users\alonz\documents\github\halomhohgokaa\halomhohgokaa\halomhohgokaa\external\include\headers\bones.h(111): note: vea la declaración de 'std::map<std::string,unsigned int,std::less<_Kty>,std::allocator<std::pair<const _Kty,_Ty>>>'
          with
          [
              _Kty=std::string,
              _Ty=unsigned int
          ]
c:\users\alonz\documents\github\halomhohgokaa\halomhohgokaa\halomhohgokaa\external\include\headers\bones.h(112): warning C4251: 'Bones::m_BoneInfo': class 'std::vector<Bones::BoneInfo,std::allocator<_Ty>>' necesita tener una interfaz DLL para que la utilicen los clientes de class 'Bones'
          with
          [
              _Ty=Bones::BoneInfo
          ]
  c:\users\alonz\documents\github\halomhohgokaa\halomhohgokaa\halomhohgokaa\external\include\headers\bones.h(112): note: vea la declaración de 'std::vector<Bones::BoneInfo,std::allocator<_Ty>>'
          with
          [
              _Ty=Bones::BoneInfo
          ]
c:\users\alonz\documents\github\halomhohgokaa\halomhohgokaa\halomhohgokaa\external\include\headers\bones.h(113): warning C4251: 'Bones::bones': class 'std::vector<Bones::VertexBoneData,std::allocator<_Ty>>' necesita tener una interfaz DLL para que la utilicen los clientes de class 'Bones'
          with
          [
              _Ty=Bones::VertexBoneData
          ]
  c:\users\alonz\documents\github\halomhohgokaa\halomhohgokaa\halomhohgokaa\external\include\headers\bones.h(113): note: vea la declaración de 'std::vector<Bones::VertexBoneData,std::allocator<_Ty>>'
          with
          [
              _Ty=Bones::VertexBoneData
          ]
c:\users\alonz\documents\github\halomhohgokaa\halomhohgokaa\halomhohgokaa\external\include\headers\mesh.h(54): warning C4251: 'Mesh::textures': class 'std::vector<Texture *,std::allocator<_Ty>>' necesita tener una interfaz DLL para que la utilicen los clientes de class 'Mesh'
          with
          [
              _Ty=Texture *
          ]
  c:\users\alonz\documents\github\halomhohgokaa\halomhohgokaa\halomhohgokaa\external\include\headers\mesh.h(54): note: vea la declaración de 'std::vector<Texture *,std::allocator<_Ty>>'
          with
          [
              _Ty=Texture *
          ]
c:\users\alonz\documents\github\halomhohgokaa\halomhohgokaa\halomhohgokaa\external\include\headers\model.h(66): warning C4251: 'Model::meshes': class 'std::vector<Mesh *,std::allocator<_Ty>>' necesita tener una interfaz DLL para que la utilicen los clientes de class 'Model'
          with
          [
              _Ty=Mesh *
          ]
  c:\users\alonz\documents\github\halomhohgokaa\halomhohgokaa\halomhohgokaa\external\include\headers\model.h(50): note: vea la declaración de 'std::vector<Mesh *,std::allocator<_Ty>>'
          with
          [
              _Ty=Mesh *
          ]
c:\users\alonz\documents\github\halomhohgokaa\halomhohgokaa\halomhohgokaa\external\include\headers\model.h(67): warning C4251: 'Model::textureLoaded': class 'std::vector<Texture *,std::allocator<_Ty>>' necesita tener una interfaz DLL para que la utilicen los clientes de class 'Model'
          with
          [
              _Ty=Texture *
          ]
  c:\users\alonz\documents\github\halomhohgokaa\halomhohgokaa\halomhohgokaa\external\include\headers\mesh.h(54): note: vea la declaración de 'std::vector<Texture *,std::allocator<_Ty>>'
          with
          [
              _Ty=Texture *
          ]
c:\users\alonz\documents\github\halomhohgokaa\halomhohgokaa\halomhohgokaa\external\include\headers\model.h(68): warning C4251: 'Model::directory': class 'std::basic_string<char,std::char_traits<char>,std::allocator<char>>' necesita tener una interfaz DLL para que la utilicen los clientes de class 'Model'
  c:\program files (x86)\microsoft visual studio\2017\community\vc\tools\msvc\14.16.27023\include\xstring(4373): note: vea la declaración de 'std::basic_string<char,std::char_traits<char>,std::allocator<char>>'
c:\users\alonz\documents\github\halomhohgokaa\halomhohgokaa\halomhohgokaa\external\include\headers\model.h(70): warning C4251: 'Model::m_GlobalInverseTransform': struct 'glm::mat<4,4,glm::f32,0>' necesita tener una interfaz DLL para que la utilicen los clientes de class 'Model'
  c:\users\alonz\documents\github\halomhohgokaa\halomhohgokaa\halomhohgokaa\external\glm\glm\fwd.hpp(518): note: vea la declaración de 'glm::mat<4,4,glm::f32,0>'
c:\users\alonz\documents\github\halomhohgokaa\halomhohgokaa\halomhohgokaa\external\include\headers\model.h(72): warning C4251: 'Model::importer': class 'Assimp::Importer' necesita tener una interfaz DLL para que la utilicen los clientes de class 'Model'
  c:\users\alonz\documents\github\halomhohgokaa\halomhohgokaa\halomhohgokaa\external\assimp\include\assimp\importer.hpp(115): note: vea la declaración de 'Assimp::Importer'
c:\users\alonz\documents\github\halomhohgokaa\halomhohgokaa\halomhohgokaa\external\include\headers\terrain.h(50): warning C4251: 'Terrain::heightMap': class 'std::basic_string<char,std::char_traits<char>,std::allocator<char>>' necesita tener una interfaz DLL para que la utilicen los clientes de class 'Terrain'
  c:\program files (x86)\microsoft visual studio\2017\community\vc\tools\msvc\14.16.27023\include\xstring(4373): note: vea la declaración de 'std::basic_string<char,std::char_traits<char>,std::allocator<char>>'
c:\users\alonz\documents\github\halomhohgokaa\halomhohgokaa\halomhohgokaa\external\include\headers\animationutils.h(57): warning C4273: 'matToString': vinculación de DLL incoherente
  c:\users\alonz\documents\github\halomhohgokaa\halomhohgokaa\halomhohgokaa\external\include\headers\animationutils.h(45): note: vea la definición anterior de 'matToString'
c:\users\alonz\documents\github\halomhohgokaa\halomhohgokaa\halomhohgokaa\external\include\headers\animationutils.h(69): warning C4273: 'appendFrame': vinculación de DLL incoherente
  c:\users\alonz\documents\github\halomhohgokaa\halomhohgokaa\halomhohgokaa\external\include\headers\animationutils.h(46): note: vea la definición anterior de 'appendFrame'
c:\users\alonz\documents\github\halomhohgokaa\halomhohgokaa\halomhohgokaa\external\include\headers\animationutils.h(78): warning C4273: 'appendFrame': vinculación de DLL incoherente
  c:\users\alonz\documents\github\halomhohgokaa\halomhohgokaa\halomhohgokaa\external\include\headers\animationutils.h(48): note: vea la definición anterior de 'appendFrame'
c:\users\alonz\documents\github\halomhohgokaa\halomhohgokaa\halomhohgokaa\external\include\headers\animationutils.h(86): warning C4273: 'getKeyFrames': vinculación de DLL incoherente
  c:\users\alonz\documents\github\halomhohgokaa\halomhohgokaa\halomhohgokaa\external\include\headers\animationutils.h(50): note: vea la definición anterior de 'getKeyFrames'
c:\users\alonz\documents\github\halomhohgokaa\halomhohgokaa\halomhohgokaa\external\include\headers\animationutils.h(112): warning C4244: '=': conversión de 'double' a 'float'; posible pérdida de datos
c:\users\alonz\documents\github\halomhohgokaa\halomhohgokaa\halomhohgokaa\external\include\headers\animationutils.h(128): warning C4244: '=': conversión de 'double' a 'float'; posible pérdida de datos
c:\users\alonz\documents\github\halomhohgokaa\halomhohgokaa\halomhohgokaa\external\include\headers\animationutils.h(138): warning C4273: 'getKeyRotFrames': vinculación de DLL incoherente
  c:\users\alonz\documents\github\halomhohgokaa\halomhohgokaa\halomhohgokaa\external\include\headers\animationutils.h(51): note: vea la definición anterior de 'getKeyRotFrames'
c:\users\alonz\documents\github\halomhohgokaa\halomhohgokaa\halomhohgokaa\external\include\headers\animationutils.h(153): warning C4244: 'inicializando': conversión de 'double' a 'float'; posible pérdida de datos
c:\users\alonz\documents\github\halomhohgokaa\halomhohgokaa\halomhohgokaa\external\include\headers\animationutils.h(163): warning C4273: 'interpolate': vinculación de DLL incoherente
  c:\users\alonz\documents\github\halomhohgokaa\halomhohgokaa\halomhohgokaa\external\include\headers\animationutils.h(52): note: vea la definición anterior de 'interpolate'
c:\users\alonz\documents\github\halomhohgokaa\halomhohgokaa\halomhohgokaa\external\include\headers\animationutils.h(184): warning C4273: 'interpolate': vinculación de DLL incoherente
  c:\users\alonz\documents\github\halomhohgokaa\halomhohgokaa\halomhohgokaa\external\include\headers\animationutils.h(54): note: vea la definición anterior de 'interpolate'
c:\users\alonz\documents\github\halomhohgokaa\halomhohgokaa\halomhohgokaa\main.cpp(741): warning C4244: '=': conversión de 'double' a 'int'; posible pérdida de datos
c:\users\alonz\documents\github\halomhohgokaa\halomhohgokaa\halomhohgokaa\main.cpp(742): warning C4244: '=': conversión de 'double' a 'int'; posible pérdida de datos
c:\users\alonz\documents\github\halomhohgokaa\halomhohgokaa\halomhohgokaa\main.cpp(743): warning C4244: '=': conversión de 'double' a 'int'; posible pérdida de datos
c:\users\alonz\documents\github\halomhohgokaa\halomhohgokaa\halomhohgokaa\main.cpp(744): warning C4244: '=': conversión de 'double' a 'int'; posible pérdida de datos
c:\users\alonz\documents\github\halomhohgokaa\halomhohgokaa\halomhohgokaa\main.cpp(770): warning C4244: 'argumento': conversión de 'double' a 'float'; posible pérdida de datos
c:\users\alonz\documents\github\halomhohgokaa\halomhohgokaa\halomhohgokaa\main.cpp(772): warning C4244: 'argumento': conversión de 'double' a 'float'; posible pérdida de datos
c:\users\alonz\documents\github\halomhohgokaa\halomhohgokaa\halomhohgokaa\main.cpp(774): warning C4244: 'argumento': conversión de 'double' a 'float'; posible pérdida de datos
c:\users\alonz\documents\github\halomhohgokaa\halomhohgokaa\halomhohgokaa\main.cpp(776): warning C4244: 'argumento': conversión de 'double' a 'float'; posible pérdida de datos
c:\users\alonz\documents\github\halomhohgokaa\halomhohgokaa\halomhohgokaa\main.cpp(778): warning C4244: 'argumento': conversión de 'double' a 'float'; posible pérdida de datos
c:\users\alonz\documents\github\halomhohgokaa\halomhohgokaa\halomhohgokaa\main.cpp(778): warning C4244: 'argumento': conversión de 'int' a 'float'; posible pérdida de datos
c:\users\alonz\documents\github\halomhohgokaa\halomhohgokaa\halomhohgokaa\main.cpp(823): warning C4305: '+=': truncamiento de 'double' a 'float'
c:\users\alonz\documents\github\halomhohgokaa\halomhohgokaa\halomhohgokaa\main.cpp(826): warning C4305: '-=': truncamiento de 'double' a 'float'
c:\users\alonz\documents\github\halomhohgokaa\halomhohgokaa\halomhohgokaa\main.cpp(829): warning C4305: '+=': truncamiento de 'double' a 'float'
c:\users\alonz\documents\github\halomhohgokaa\halomhohgokaa\halomhohgokaa\main.cpp(832): warning C4305: '-=': truncamiento de 'double' a 'float'
c:\users\alonz\documents\github\halomhohgokaa\halomhohgokaa\halomhohgokaa\main.cpp(835): warning C4305: '+=': truncamiento de 'double' a 'float'
c:\users\alonz\documents\github\halomhohgokaa\halomhohgokaa\halomhohgokaa\main.cpp(838): warning C4305: '-=': truncamiento de 'double' a 'float'
c:\users\alonz\documents\github\halomhohgokaa\halomhohgokaa\halomhohgokaa\main.cpp(841): warning C4305: '+=': truncamiento de 'double' a 'float'
c:\users\alonz\documents\github\halomhohgokaa\halomhohgokaa\halomhohgokaa\main.cpp(844): warning C4305: '-=': truncamiento de 'double' a 'float'
c:\users\alonz\documents\github\halomhohgokaa\halomhohgokaa\halomhohgokaa\main.cpp(847): warning C4305: '+=': truncamiento de 'double' a 'float'
c:\users\alonz\documents\github\halomhohgokaa\halomhohgokaa\halomhohgokaa\main.cpp(850): warning C4305: '-=': truncamiento de 'double' a 'float'
c:\users\alonz\documents\github\halomhohgokaa\halomhohgokaa\halomhohgokaa\main.cpp(853): warning C4305: '+=': truncamiento de 'double' a 'float'
c:\users\alonz\documents\github\halomhohgokaa\halomhohgokaa\halomhohgokaa\main.cpp(856): warning C4305: '-=': truncamiento de 'double' a 'float'
c:\users\alonz\documents\github\halomhohgokaa\halomhohgokaa\halomhohgokaa\main.cpp(859): warning C4305: '+=': truncamiento de 'double' a 'float'
c:\users\alonz\documents\github\halomhohgokaa\halomhohgokaa\halomhohgokaa\main.cpp(862): warning C4305: '-=': truncamiento de 'double' a 'float'
c:\users\alonz\documents\github\halomhohgokaa\halomhohgokaa\halomhohgokaa\main.cpp(1035): warning C4244: '=': conversión de 'double' a 'T'; posible pérdida de datos
          with
          [
              T=float
          ]
c:\users\alonz\documents\github\halomhohgokaa\halomhohgokaa\halomhohgokaa\main.cpp(1190): warning C4018: '>': no coinciden signed/unsigned
c:\users\alonz\documents\github\halomhohgokaa\halomhohgokaa\halomhohgokaa\main.cpp(1218): warning C4018: '>': no coinciden signed/unsigned
     Creando biblioteca C:\Users\alonz\Documents\GitHub\HaloMHOHGOKAA\HaloMHOHGOKAA\Debug\HaloMHOHGOKAA.lib y objeto C:\Users\alonz\Documents\GitHub\HaloMHOHGOKAA\HaloMHOHGOKAA\Debug\HaloMHOHGOKAA.exp
main.obj : error LNK2019: símbolo externo __imp__glBindTexture@8 sin resolver al que se hace referencia en la función "void __cdecl applicationLoop(void)" (?applicationLoop@@YAXXZ)
main.obj : error LNK2019: símbolo externo __imp__glClear@4 sin resolver al que se hace referencia en la función "void __cdecl applicationLoop(void)" (?applicationLoop@@YAXXZ)
main.obj : error LNK2019: símbolo externo __imp__glClearColor@16 sin resolver al que se hace referencia en la función "void __cdecl init(int,int,class std::basic_string<char,struct std::char_traits<char>,class std::allocator<char> >,bool)" (?init@@YAXHHV?$basic_string@DU?$char_traits@D@std@@V?$allocator@D@2@@std@@_N@Z)
main.obj : error LNK2019: símbolo externo __imp__glCullFace@4 sin resolver al que se hace referencia en la función "void __cdecl applicationLoop(void)" (?applicationLoop@@YAXXZ)
main.obj : error LNK2019: símbolo externo __imp__glDeleteTextures@8 sin resolver al que se hace referencia en la función "void __cdecl destroy(void)" (?destroy@@YAXXZ)
main.obj : error LNK2019: símbolo externo __imp__glDepthFunc@4 sin resolver al que se hace referencia en la función "void __cdecl applicationLoop(void)" (?applicationLoop@@YAXXZ)
main.obj : error LNK2019: símbolo externo __imp__glDisable@4 sin resolver al que se hace referencia en la función "void __cdecl applicationLoop(void)" (?applicationLoop@@YAXXZ)
main.obj : error LNK2019: símbolo externo __imp__glEnable@4 sin resolver al que se hace referencia en la función "void __cdecl applicationLoop(void)" (?applicationLoop@@YAXXZ)
main.obj : error LNK2019: símbolo externo __imp__glGenTextures@8 sin resolver al que se hace referencia en la función "void __cdecl init(int,int,class std::basic_string<char,struct std::char_traits<char>,class std::allocator<char> >,bool)" (?init@@YAXHHV?$basic_string@DU?$char_traits@D@std@@V?$allocator@D@2@@std@@_N@Z)
main.obj : error LNK2019: símbolo externo __imp__glGetIntegerv@8 sin resolver al que se hace referencia en la función "void __cdecl applicationLoop(void)" (?applicationLoop@@YAXXZ)
main.obj : error LNK2019: símbolo externo __imp__glTexImage2D@36 sin resolver al que se hace referencia en la función "void __cdecl init(int,int,class std::basic_string<char,struct std::char_traits<char>,class std::allocator<char> >,bool)" (?init@@YAXHHV?$basic_string@DU?$char_traits@D@std@@V?$allocator@D@2@@std@@_N@Z)
main.obj : error LNK2019: símbolo externo __imp__glTexParameteri@12 sin resolver al que se hace referencia en la función "void __cdecl init(int,int,class std::basic_string<char,struct std::char_traits<char>,class std::allocator<char> >,bool)" (?init@@YAXHHV?$basic_string@DU?$char_traits@D@std@@V?$allocator@D@2@@std@@_N@Z)
main.obj : error LNK2019: símbolo externo __imp__glViewport@16 sin resolver al que se hace referencia en la función "void __cdecl init(int,int,class std::basic_string<char,struct std::char_traits<char>,class std::allocator<char> >,bool)" (?init@@YAXHHV?$basic_string@DU?$char_traits@D@std@@V?$allocator@D@2@@std@@_N@Z)
main.obj : error LNK2019: símbolo externo "__declspec(dllimport) public: static class TimeManager & __cdecl TimeManager::Instance(void)" (__imp_?Instance@TimeManager@@SAAAV1@XZ) sin resolver al que se hace referencia en la función "void __cdecl applicationLoop(void)" (?applicationLoop@@YAXXZ)
main.obj : error LNK2019: símbolo externo "__declspec(dllimport) public: double __thiscall TimeManager::CalculateFrameRate(bool)" (__imp_?CalculateFrameRate@TimeManager@@QAEN_N@Z) sin resolver al que se hace referencia en la función "void __cdecl applicationLoop(void)" (?applicationLoop@@YAXXZ)
main.obj : error LNK2019: símbolo externo "__declspec(dllimport) public: double __thiscall TimeManager::GetTime(void)" (__imp_?GetTime@TimeManager@@QAENXZ) sin resolver al que se hace referencia en la función "void __cdecl applicationLoop(void)" (?applicationLoop@@YAXXZ)
main.obj : error LNK2019: símbolo externo "__declspec(dllimport) public: __thiscall Shader::~Shader(void)" (__imp_??1Shader@@QAE@XZ) sin resolver al que se hace referencia en la función "void __cdecl `dynamic atexit destructor for 'shader''(void)" (??__Fshader@@YAXXZ)
main.obj : error LNK2019: símbolo externo "__declspec(dllimport) public: void __thiscall Shader::initialize(class std::basic_string<char,struct std::char_traits<char>,class std::allocator<char> >,class std::basic_string<char,struct std::char_traits<char>,class std::allocator<char> >,class std::vector<class std::basic_string<char,struct std::char_traits<char>,class std::allocator<char> >,class std::allocator<class std::basic_string<char,struct std::char_traits<char>,class std::allocator<char> > > >)" (__imp_?initialize@Shader@@QAEXV?$basic_string@DU?$char_traits@D@std@@V?$allocator@D@2@@std@@0V?$vector@V?$basic_string@DU?$char_traits@D@std@@V?$allocator@D@2@@std@@V?$allocator@V?$basic_string@DU?$char_traits@D@std@@V?$allocator@D@2@@std@@@2@@3@@Z) sin resolver al que se hace referencia en la función "void __cdecl init(int,int,class std::basic_string<char,struct std::char_traits<char>,class std::allocator<char> >,bool)" (?init@@YAXHHV?$basic_string@DU?$char_traits@D@std@@V?$allocator@D@2@@std@@_N@Z)
main.obj : error LNK2019: símbolo externo "__declspec(dllimport) public: void __thiscall Shader::setMatrix4(class std::basic_string<char,struct std::char_traits<char>,class std::allocator<char> >,int,unsigned char,float const *)" (__imp_?setMatrix4@Shader@@QAEXV?$basic_string@DU?$char_traits@D@std@@V?$allocator@D@2@@std@@HEPBM@Z) sin resolver al que se hace referencia en la función "void __cdecl applicationLoop(void)" (?applicationLoop@@YAXXZ)
main.obj : error LNK2019: símbolo externo "__declspec(dllimport) public: void __thiscall Shader::setFloat(class std::basic_string<char,struct std::char_traits<char>,class std::allocator<char> >,float)" (__imp_?setFloat@Shader@@QAEXV?$basic_string@DU?$char_traits@D@std@@V?$allocator@D@2@@std@@M@Z) sin resolver al que se hace referencia en la función "void __cdecl applicationLoop(void)" (?applicationLoop@@YAXXZ)
main.obj : error LNK2019: símbolo externo "__declspec(dllimport) public: void __thiscall Shader::setInt(class std::basic_string<char,struct std::char_traits<char>,class std::allocator<char> >,int)" (__imp_?setInt@Shader@@QAEXV?$basic_string@DU?$char_traits@D@std@@V?$allocator@D@2@@std@@H@Z) sin resolver al que se hace referencia en la función "void __cdecl applicationLoop(void)" (?applicationLoop@@YAXXZ)
main.obj : error LNK2019: símbolo externo "__declspec(dllimport) public: void __thiscall Shader::setVectorFloat2(class std::basic_string<char,struct std::char_traits<char>,class std::allocator<char> >,float const *)" (__imp_?setVectorFloat2@Shader@@QAEXV?$basic_string@DU?$char_traits@D@std@@V?$allocator@D@2@@std@@PBM@Z) sin resolver al que se hace referencia en la función "void __cdecl applicationLoop(void)" (?applicationLoop@@YAXXZ)
main.obj : error LNK2019: símbolo externo "__declspec(dllimport) public: void __thiscall Shader::setVectorFloat3(class std::basic_string<char,struct std::char_traits<char>,class std::allocator<char> >,float const *)" (__imp_?setVectorFloat3@Shader@@QAEXV?$basic_string@DU?$char_traits@D@std@@V?$allocator@D@2@@std@@PBM@Z) sin resolver al que se hace referencia en la función "void __cdecl applicationLoop(void)" (?applicationLoop@@YAXXZ)
main.obj : error LNK2019: símbolo externo "__declspec(dllimport) public: void __thiscall Shader::destroy(void)" (__imp_?destroy@Shader@@QAEXXZ) sin resolver al que se hace referencia en la función "void __cdecl destroy(void)" (?destroy@@YAXXZ)
main.obj : error LNK2019: símbolo externo "__declspec(dllimport) public: void __thiscall AbstractModel::init(void)" (__imp_?init@AbstractModel@@QAEXXZ) sin resolver al que se hace referencia en la función "void __cdecl init(int,int,class std::basic_string<char,struct std::char_traits<char>,class std::allocator<char> >,bool)" (?init@@YAXHHV?$basic_string@DU?$char_traits@D@std@@V?$allocator@D@2@@std@@_N@Z)
main.obj : error LNK2019: símbolo externo "__declspec(dllimport) public: void __thiscall AbstractModel::render(struct glm::mat<4,4,float,0>)" (__imp_?render@AbstractModel@@QAEXU?$mat@$03$03M$0A@@glm@@@Z) sin resolver al que se hace referencia en la función "void __cdecl applicationLoop(void)" (?applicationLoop@@YAXXZ)
main.obj : error LNK2019: símbolo externo "__declspec(dllimport) public: void __thiscall AbstractModel::destroy(void)" (__imp_?destroy@AbstractModel@@QAEXXZ) sin resolver al que se hace referencia en la función "void __cdecl destroy(void)" (?destroy@@YAXXZ)
main.obj : error LNK2019: símbolo externo "__declspec(dllimport) public: void __thiscall AbstractModel::setShader(class Shader *)" (__imp_?setShader@AbstractModel@@QAEXPAVShader@@@Z) sin resolver al que se hace referencia en la función "void __cdecl init(int,int,class std::basic_string<char,struct std::char_traits<char>,class std::allocator<char> >,bool)" (?init@@YAXHHV?$basic_string@DU?$char_traits@D@std@@V?$allocator@D@2@@std@@_N@Z)
main.obj : error LNK2019: símbolo externo "__declspec(dllimport) public: void __thiscall AbstractModel::setPosition(struct glm::vec<3,float,0>)" (__imp_?setPosition@AbstractModel@@QAEXU?$vec@$02M$0A@@glm@@@Z) sin resolver al que se hace referencia en la función "void __cdecl init(int,int,class std::basic_string<char,struct std::char_traits<char>,class std::allocator<char> >,bool)" (?init@@YAXHHV?$basic_string@DU?$char_traits@D@std@@V?$allocator@D@2@@std@@_N@Z)
main.obj : error LNK2019: símbolo externo "__declspec(dllimport) public: void __thiscall AbstractModel::setScale(struct glm::vec<3,float,0>)" (__imp_?setScale@AbstractModel@@QAEXU?$vec@$02M$0A@@glm@@@Z) sin resolver al que se hace referencia en la función "void __cdecl init(int,int,class std::basic_string<char,struct std::char_traits<char>,class std::allocator<char> >,bool)" (?init@@YAXHHV?$basic_string@DU?$char_traits@D@std@@V?$allocator@D@2@@std@@_N@Z)
main.obj : error LNK2019: símbolo externo "__declspec(dllimport) public: __thiscall Sphere::Sphere(int,int,float)" (__imp_??0Sphere@@QAE@HHM@Z) sin resolver al que se hace referencia en la función "void __cdecl `dynamic initializer for 'skyboxSphere''(void)" (??__EskyboxSphere@@YAXXZ)
main.obj : error LNK2019: símbolo externo "__declspec(dllimport) public: __thiscall Sphere::~Sphere(void)" (__imp_??1Sphere@@QAE@XZ) sin resolver al que se hace referencia en la función "void __cdecl `dynamic atexit destructor for 'skyboxSphere''(void)" (??__FskyboxSphere@@YAXXZ)
main.obj : error LNK2019: símbolo externo "__declspec(dllimport) public: struct glm::mat<4,4,float,0> __thiscall Camera::getViewMatrix(void)" (__imp_?getViewMatrix@Camera@@QAE?AU?$mat@$03$03M$0A@@glm@@XZ) sin resolver al que se hace referencia en la función "void __cdecl applicationLoop(void)" (?applicationLoop@@YAXXZ)
main.obj : error LNK2019: símbolo externo "__declspec(dllimport) public: void __thiscall Camera::setPosition(struct glm::vec<3,float,0>)" (__imp_?setPosition@Camera@@QAEXU?$vec@$02M$0A@@glm@@@Z) sin resolver al que se hace referencia en la función "void __cdecl init(int,int,class std::basic_string<char,struct std::char_traits<char>,class std::allocator<char> >,bool)" (?init@@YAXHHV?$basic_string@DU?$char_traits@D@std@@V?$allocator@D@2@@std@@_N@Z)
main.obj : error LNK2019: símbolo externo "__declspec(dllimport) public: struct glm::vec<3,float,0> __thiscall Camera::getPosition(void)" (__imp_?getPosition@Camera@@QAE?AU?$vec@$02M$0A@@glm@@XZ) sin resolver al que se hace referencia en la función "void __cdecl applicationLoop(void)" (?applicationLoop@@YAXXZ)
main.obj : error LNK2019: símbolo externo "__declspec(dllimport) public: __thiscall FirstPersonCamera::FirstPersonCamera(struct glm::vec<3,float,0>,struct glm::vec<3,float,0>,struct glm::vec<3,float,0>,float,float,float,float)" (__imp_??0FirstPersonCamera@@QAE@U?$vec@$02M$0A@@glm@@00MMMM@Z) sin resolver al que se hace referencia en la función "void __cdecl `dynamic initializer for 'camera''(void)" (??__Ecamera@@YAXXZ)
main.obj : error LNK2019: símbolo externo "__declspec(dllimport) public: void __thiscall FirstPersonCamera::moveFrontCamera(bool,float)" (__imp_?moveFrontCamera@FirstPersonCamera@@QAEX_NM@Z) sin resolver al que se hace referencia en la función "bool __cdecl processInput(bool)" (?processInput@@YA_N_N@Z)
main.obj : error LNK2019: símbolo externo "__declspec(dllimport) public: void __thiscall FirstPersonCamera::moveRightCamera(bool,float)" (__imp_?moveRightCamera@FirstPersonCamera@@QAEX_NM@Z) sin resolver al que se hace referencia en la función "bool __cdecl processInput(bool)" (?processInput@@YA_N_N@Z)
main.obj : error LNK2019: símbolo externo "__declspec(dllimport) public: __thiscall Texture::Texture(class std::basic_string<char,struct std::char_traits<char>,class std::allocator<char> > const &)" (__imp_??0Texture@@QAE@ABV?$basic_string@DU?$char_traits@D@std@@V?$allocator@D@2@@std@@@Z) sin resolver al que se hace referencia en la función "void __cdecl init(int,int,class std::basic_string<char,struct std::char_traits<char>,class std::allocator<char> >,bool)" (?init@@YAXHHV?$basic_string@DU?$char_traits@D@std@@V?$allocator@D@2@@std@@_N@Z)
main.obj : error LNK2019: símbolo externo "__declspec(dllimport) public: struct FIBITMAP * __thiscall Texture::loadImage(bool)" (__imp_?loadImage@Texture@@QAEPAUFIBITMAP@@_N@Z) sin resolver al que se hace referencia en la función "void __cdecl init(int,int,class std::basic_string<char,struct std::char_traits<char>,class std::allocator<char> >,bool)" (?init@@YAXHHV?$basic_string@DU?$char_traits@D@std@@V?$allocator@D@2@@std@@_N@Z)
main.obj : error LNK2019: símbolo externo "__declspec(dllimport) public: unsigned char * __thiscall Texture::convertToData(struct FIBITMAP *,int &,int &)" (__imp_?convertToData@Texture@@QAEPAEPAUFIBITMAP@@AAH1@Z) sin resolver al que se hace referencia en la función "void __cdecl init(int,int,class std::basic_string<char,struct std::char_traits<char>,class std::allocator<char> >,bool)" (?init@@YAXHHV?$basic_string@DU?$char_traits@D@std@@V?$allocator@D@2@@std@@_N@Z)
main.obj : error LNK2019: símbolo externo "__declspec(dllimport) public: void __thiscall Texture::freeImage(struct FIBITMAP *)" (__imp_?freeImage@Texture@@QAEXPAUFIBITMAP@@@Z) sin resolver al que se hace referencia en la función "void __cdecl init(int,int,class std::basic_string<char,struct std::char_traits<char>,class std::allocator<char> >,bool)" (?init@@YAXHHV?$basic_string@DU?$char_traits@D@std@@V?$allocator@D@2@@std@@_N@Z)
main.obj : error LNK2019: símbolo externo "__declspec(dllimport) public: virtual __thiscall Texture::~Texture(void)" (__imp_??1Texture@@UAE@XZ) sin resolver al que se hace referencia en la función "void __cdecl init(int,int,class std::basic_string<char,struct std::char_traits<char>,class std::allocator<char> >,bool)" (?init@@YAXHHV?$basic_string@DU?$char_traits@D@std@@V?$allocator@D@2@@std@@_N@Z)
main.obj : error LNK2019: símbolo externo "__declspec(dllimport) public: class Texture & __thiscall Texture::operator=(class Texture const &)" (__imp_??4Texture@@QAEAAV0@ABV0@@Z) sin resolver al que se hace referencia en la función "void __cdecl init(int,int,class std::basic_string<char,struct std::char_traits<char>,class std::allocator<char> >,bool)" (?init@@YAXHHV?$basic_string@DU?$char_traits@D@std@@V?$allocator@D@2@@std@@_N@Z)
main.obj : error LNK2019: símbolo externo "__declspec(dllimport) public: __thiscall Model::Model(void)" (__imp_??0Model@@QAE@XZ) sin resolver al que se hace referencia en la función "void __cdecl `dynamic initializer for 'mayowModelAnimate''(void)" (??__EmayowModelAnimate@@YAXXZ)
main.obj : error LNK2019: símbolo externo "__declspec(dllimport) public: virtual __thiscall Model::~Model(void)" (__imp_??1Model@@UAE@XZ) sin resolver al que se hace referencia en la función "void __cdecl `dynamic atexit destructor for 'mayowModelAnimate''(void)" (??__FmayowModelAnimate@@YAXXZ)
main.obj : error LNK2019: símbolo externo "__declspec(dllimport) public: void __thiscall Model::loadModel(class std::basic_string<char,struct std::char_traits<char>,class std::allocator<char> > const &)" (__imp_?loadModel@Model@@QAEXABV?$basic_string@DU?$char_traits@D@std@@V?$allocator@D@2@@std@@@Z) sin resolver al que se hace referencia en la función "void __cdecl init(int,int,class std::basic_string<char,struct std::char_traits<char>,class std::allocator<char> >,bool)" (?init@@YAXHHV?$basic_string@DU?$char_traits@D@std@@V?$allocator@D@2@@std@@_N@Z)
main.obj : error LNK2019: símbolo externo "__declspec(dllimport) public: void __thiscall Model::render(struct glm::mat<4,4,float,0>)" (__imp_?render@Model@@QAEXU?$mat@$03$03M$0A@@glm@@@Z) sin resolver al que se hace referencia en la función "void __cdecl applicationLoop(void)" (?applicationLoop@@YAXXZ)
main.obj : error LNK2019: símbolo externo "__declspec(dllimport) public: void __thiscall Model::setAnimationIndex(int)" (__imp_?setAnimationIndex@Model@@QAEXH@Z) sin resolver al que se hace referencia en la función "void __cdecl applicationLoop(void)" (?applicationLoop@@YAXXZ)
main.obj : error LNK2019: símbolo externo "__declspec(dllimport) public: __thiscall Terrain::Terrain(float,float,float,float,class std::basic_string<char,struct std::char_traits<char>,class std::allocator<char> >)" (__imp_??0Terrain@@QAE@MMMMV?$basic_string@DU?$char_traits@D@std@@V?$allocator@D@2@@std@@@Z) sin resolver al que se hace referencia en la función "void __cdecl `dynamic initializer for 'terrain''(void)" (??__Eterrain@@YAXXZ)
main.obj : error LNK2019: símbolo externo "__declspec(dllimport) public: float __thiscall Terrain::getHeightTerrain(float,float)" (__imp_?getHeightTerrain@Terrain@@QAEMMM@Z) sin resolver al que se hace referencia en la función "void __cdecl applicationLoop(void)" (?applicationLoop@@YAXXZ)
main.obj : error LNK2019: símbolo externo "__declspec(dllimport) public: struct glm::vec<3,float,0> __thiscall Terrain::getNormalTerrain(float,float)" (__imp_?getNormalTerrain@Terrain@@QAE?AU?$vec@$02M$0A@@glm@@MM@Z) sin resolver al que se hace referencia en la función "void __cdecl applicationLoop(void)" (?applicationLoop@@YAXXZ)
main.obj : error LNK2019: símbolo externo "__declspec(dllimport) public: virtual __thiscall Terrain::~Terrain(void)" (__imp_??1Terrain@@UAE@XZ) sin resolver al que se hace referencia en la función "void __cdecl `dynamic atexit destructor for 'terrain''(void)" (??__Fterrain@@YAXXZ)
C:\Users\alonz\Documents\GitHub\HaloMHOHGOKAA\HaloMHOHGOKAA\Debug\HaloMHOHGOKAA.exe : fatal error LNK1120: 53 externos sin resolver
