     Creando biblioteca C:\Users\shosu\Documents\Visual Studio 2017\Proyects\ComputacionGraficaAvanzadaProyecto\HaloMHOHGOKAA\HaloMHOHGOKAA\Release\HaloMHOHGOKAA.lib y objeto C:\Users\shosu\Documents\Visual Studio 2017\Proyects\ComputacionGraficaAvanzadaProyecto\HaloMHOHGOKAA\HaloMHOHGOKAA\Release\HaloMHOHGOKAA.exp
LINK : warning LNK4098: la biblioteca predeterminada'MSVCRTD' entra en conflicto con otras bibliotecas; use la biblioteca /NODEFAULTLIB:biblioteca
  Generando código
  0 of 804 functions ( 0.0%) were compiled, the rest were copied from previous compilation.
    0 functions were new in current compilation
    0 functions had inline decision re-evaluated but remain unchanged
  Generación de código finalizada
glfw3.lib(context.obj) : warning LNK4099: no se encontró PDB 'glfw.pdb' con 'glfw3.lib(context.obj)' o en 'C:\Users\shosu\Documents\Visual Studio 2017\Proyects\ComputacionGraficaAvanzadaProyecto\HaloMHOHGOKAA\HaloMHOHGOKAA\Release\glfw.pdb'; se vinculará el objeto sin tener en cuenta información de depuración
glfw3.lib(init.obj) : warning LNK4099: no se encontró PDB 'glfw.pdb' con 'glfw3.lib(init.obj)' o en 'C:\Users\shosu\Documents\Visual Studio 2017\Proyects\ComputacionGraficaAvanzadaProyecto\HaloMHOHGOKAA\HaloMHOHGOKAA\Release\glfw.pdb'; se vinculará el objeto sin tener en cuenta información de depuración
glfw3.lib(input.obj) : warning LNK4099: no se encontró PDB 'glfw.pdb' con 'glfw3.lib(input.obj)' o en 'C:\Users\shosu\Documents\Visual Studio 2017\Proyects\ComputacionGraficaAvanzadaProyecto\HaloMHOHGOKAA\HaloMHOHGOKAA\Release\glfw.pdb'; se vinculará el objeto sin tener en cuenta información de depuración
glfw3.lib(monitor.obj) : warning LNK4099: no se encontró PDB 'glfw.pdb' con 'glfw3.lib(monitor.obj)' o en 'C:\Users\shosu\Documents\Visual Studio 2017\Proyects\ComputacionGraficaAvanzadaProyecto\HaloMHOHGOKAA\HaloMHOHGOKAA\Release\glfw.pdb'; se vinculará el objeto sin tener en cuenta información de depuración
glfw3.lib(vulkan.obj) : warning LNK4099: no se encontró PDB 'glfw.pdb' con 'glfw3.lib(vulkan.obj)' o en 'C:\Users\shosu\Documents\Visual Studio 2017\Proyects\ComputacionGraficaAvanzadaProyecto\HaloMHOHGOKAA\HaloMHOHGOKAA\Release\glfw.pdb'; se vinculará el objeto sin tener en cuenta información de depuración
glfw3.lib(window.obj) : warning LNK4099: no se encontró PDB 'glfw.pdb' con 'glfw3.lib(window.obj)' o en 'C:\Users\shosu\Documents\Visual Studio 2017\Proyects\ComputacionGraficaAvanzadaProyecto\HaloMHOHGOKAA\HaloMHOHGOKAA\Release\glfw.pdb'; se vinculará el objeto sin tener en cuenta información de depuración
glfw3.lib(win32_init.obj) : warning LNK4099: no se encontró PDB 'glfw.pdb' con 'glfw3.lib(win32_init.obj)' o en 'C:\Users\shosu\Documents\Visual Studio 2017\Proyects\ComputacionGraficaAvanzadaProyecto\HaloMHOHGOKAA\HaloMHOHGOKAA\Release\glfw.pdb'; se vinculará el objeto sin tener en cuenta información de depuración
glfw3.lib(win32_joystick.obj) : warning LNK4099: no se encontró PDB 'glfw.pdb' con 'glfw3.lib(win32_joystick.obj)' o en 'C:\Users\shosu\Documents\Visual Studio 2017\Proyects\ComputacionGraficaAvanzadaProyecto\HaloMHOHGOKAA\HaloMHOHGOKAA\Release\glfw.pdb'; se vinculará el objeto sin tener en cuenta información de depuración
glfw3.lib(win32_monitor.obj) : warning LNK4099: no se encontró PDB 'glfw.pdb' con 'glfw3.lib(win32_monitor.obj)' o en 'C:\Users\shosu\Documents\Visual Studio 2017\Proyects\ComputacionGraficaAvanzadaProyecto\HaloMHOHGOKAA\HaloMHOHGOKAA\Release\glfw.pdb'; se vinculará el objeto sin tener en cuenta información de depuración
glfw3.lib(win32_time.obj) : warning LNK4099: no se encontró PDB 'glfw.pdb' con 'glfw3.lib(win32_time.obj)' o en 'C:\Users\shosu\Documents\Visual Studio 2017\Proyects\ComputacionGraficaAvanzadaProyecto\HaloMHOHGOKAA\HaloMHOHGOKAA\Release\glfw.pdb'; se vinculará el objeto sin tener en cuenta información de depuración
glfw3.lib(win32_tls.obj) : warning LNK4099: no se encontró PDB 'glfw.pdb' con 'glfw3.lib(win32_tls.obj)' o en 'C:\Users\shosu\Documents\Visual Studio 2017\Proyects\ComputacionGraficaAvanzadaProyecto\HaloMHOHGOKAA\HaloMHOHGOKAA\Release\glfw.pdb'; se vinculará el objeto sin tener en cuenta información de depuración
glfw3.lib(win32_window.obj) : warning LNK4099: no se encontró PDB 'glfw.pdb' con 'glfw3.lib(win32_window.obj)' o en 'C:\Users\shosu\Documents\Visual Studio 2017\Proyects\ComputacionGraficaAvanzadaProyecto\HaloMHOHGOKAA\HaloMHOHGOKAA\Release\glfw.pdb'; se vinculará el objeto sin tener en cuenta información de depuración
glfw3.lib(wgl_context.obj) : warning LNK4099: no se encontró PDB 'glfw.pdb' con 'glfw3.lib(wgl_context.obj)' o en 'C:\Users\shosu\Documents\Visual Studio 2017\Proyects\ComputacionGraficaAvanzadaProyecto\HaloMHOHGOKAA\HaloMHOHGOKAA\Release\glfw.pdb'; se vinculará el objeto sin tener en cuenta información de depuración
glfw3.lib(egl_context.obj) : warning LNK4099: no se encontró PDB 'glfw.pdb' con 'glfw3.lib(egl_context.obj)' o en 'C:\Users\shosu\Documents\Visual Studio 2017\Proyects\ComputacionGraficaAvanzadaProyecto\HaloMHOHGOKAA\HaloMHOHGOKAA\Release\glfw.pdb'; se vinculará el objeto sin tener en cuenta información de depuración
  HaloMHOHGOKAA.vcxproj -> C:\Users\shosu\Documents\Visual Studio 2017\Proyects\ComputacionGraficaAvanzadaProyecto\HaloMHOHGOKAA\HaloMHOHGOKAA\Release\HaloMHOHGOKAA.exe
